TN:
SF:src\index.ts
FN:88,(anonymous_8)
FN:104,(anonymous_9)
FN:110,(anonymous_10)
FN:116,(anonymous_11)
FN:123,(anonymous_12)
FN:131,(anonymous_13)
FN:137,(anonymous_14)
FN:158,(anonymous_15)
FN:159,(anonymous_16)
FN:159,(anonymous_17)
FN:189,(anonymous_18)
FN:190,(anonymous_19)
FN:190,(anonymous_20)
FN:215,(anonymous_21)
FN:216,(anonymous_22)
FN:216,(anonymous_23)
FN:220,(anonymous_24)
FN:220,(anonymous_25)
FN:221,(anonymous_26)
FN:224,(anonymous_27)
FN:227,(anonymous_28)
FN:273,(anonymous_29)
FN:274,(anonymous_30)
FN:274,(anonymous_31)
FN:311,(anonymous_32)
FN:311,(anonymous_33)
FN:327,(anonymous_34)
FN:328,(anonymous_35)
FN:328,(anonymous_36)
FN:364,(anonymous_37)
FN:365,(anonymous_38)
FN:365,(anonymous_39)
FN:382,(anonymous_40)
FN:391,(anonymous_41)
FN:401,(anonymous_42)
FN:410,(anonymous_43)
FN:433,(anonymous_44)
FN:434,(anonymous_45)
FN:434,(anonymous_46)
FN:452,(anonymous_47)
FN:461,(anonymous_48)
FN:484,(anonymous_49)
FN:485,(anonymous_50)
FN:485,(anonymous_51)
FN:558,(anonymous_52)
FN:559,(anonymous_53)
FN:559,(anonymous_54)
FN:595,(anonymous_55)
FN:596,(anonymous_56)
FN:596,(anonymous_57)
FN:635,(anonymous_58)
FN:636,(anonymous_59)
FN:636,(anonymous_60)
FNF:53
FNH:53
FNDA:1,(anonymous_8)
FNDA:11,(anonymous_9)
FNDA:12,(anonymous_10)
FNDA:1,(anonymous_11)
FNDA:1,(anonymous_12)
FNDA:34,(anonymous_13)
FNDA:40,(anonymous_14)
FNDA:7,(anonymous_15)
FNDA:7,(anonymous_16)
FNDA:7,(anonymous_17)
FNDA:2,(anonymous_18)
FNDA:2,(anonymous_19)
FNDA:2,(anonymous_20)
FNDA:4,(anonymous_21)
FNDA:4,(anonymous_22)
FNDA:4,(anonymous_23)
FNDA:10,(anonymous_24)
FNDA:10,(anonymous_25)
FNDA:10,(anonymous_26)
FNDA:10,(anonymous_27)
FNDA:10,(anonymous_28)
FNDA:14,(anonymous_29)
FNDA:14,(anonymous_30)
FNDA:14,(anonymous_31)
FNDA:10,(anonymous_32)
FNDA:10,(anonymous_33)
FNDA:3,(anonymous_34)
FNDA:3,(anonymous_35)
FNDA:3,(anonymous_36)
FNDA:6,(anonymous_37)
FNDA:6,(anonymous_38)
FNDA:6,(anonymous_39)
FNDA:1,(anonymous_40)
FNDA:1,(anonymous_41)
FNDA:2,(anonymous_42)
FNDA:1,(anonymous_43)
FNDA:5,(anonymous_44)
FNDA:5,(anonymous_45)
FNDA:5,(anonymous_46)
FNDA:2,(anonymous_47)
FNDA:1,(anonymous_48)
FNDA:5,(anonymous_49)
FNDA:5,(anonymous_50)
FNDA:5,(anonymous_51)
FNDA:8,(anonymous_52)
FNDA:8,(anonymous_53)
FNDA:8,(anonymous_54)
FNDA:4,(anonymous_55)
FNDA:4,(anonymous_56)
FNDA:4,(anonymous_57)
FNDA:8,(anonymous_58)
FNDA:8,(anonymous_59)
FNDA:8,(anonymous_60)
DA:1,1
DA:2,1
DA:3,1
DA:89,1
DA:91,1
DA:93,1
DA:95,1
DA:97,1
DA:99,1
DA:105,11
DA:111,12
DA:117,1
DA:124,1
DA:132,34
DA:138,40
DA:159,7
DA:160,7
DA:161,7
DA:163,7
DA:164,7
DA:165,1
DA:167,6
DA:169,1
DA:170,1
DA:173,5
DA:174,5
DA:190,2
DA:191,2
DA:192,2
DA:194,2
DA:195,1
DA:197,1
DA:216,4
DA:217,4
DA:218,4
DA:220,10
DA:221,10
DA:222,10
DA:223,10
DA:224,10
DA:225,10
DA:227,10
DA:228,10
DA:229,10
DA:234,4
DA:236,4
DA:237,1
DA:240,3
DA:241,1
DA:244,2
DA:247,2
DA:248,10
DA:250,2
DA:274,14
DA:275,14
DA:276,1
DA:279,13
DA:280,1
DA:283,12
DA:284,1
DA:287,11
DA:289,1
DA:292,10
DA:294,10
DA:296,10
DA:297,10
DA:310,10
DA:311,10
DA:312,10
DA:328,3
DA:329,3
DA:330,3
DA:332,3
DA:333,1
DA:336,2
DA:338,1
DA:341,1
DA:342,1
DA:344,1
DA:365,6
DA:366,6
DA:368,6
DA:369,1
DA:372,5
DA:373,1
DA:376,4
DA:377,1
DA:379,3
DA:380,1
DA:381,1
DA:382,1
DA:384,1
DA:386,1
DA:388,1
DA:390,1
DA:391,1
DA:393,1
DA:395,1
DA:399,2
DA:400,2
DA:401,2
DA:403,2
DA:405,2
DA:407,2
DA:409,1
DA:410,1
DA:412,1
DA:414,1
DA:417,3
DA:434,5
DA:435,5
DA:438,5
DA:439,1
DA:442,4
DA:443,1
DA:446,3
DA:447,1
DA:450,2
DA:451,2
DA:452,2
DA:454,2
DA:456,2
DA:459,2
DA:460,1
DA:461,1
DA:462,1
DA:464,1
DA:466,2
DA:485,5
DA:486,5
DA:488,5
DA:489,1
DA:492,4
DA:496,4
DA:497,1
DA:500,3
DA:502,3
DA:503,1
DA:506,2
DA:508,2
DA:510,1
DA:511,1
DA:514,1
DA:515,1
DA:517,1
DA:518,1
DA:531,0
DA:559,8
DA:560,8
DA:564,8
DA:565,3
DA:569,5
DA:571,8
DA:572,8
DA:573,7
DA:574,7
DA:577,1
DA:596,4
DA:597,4
DA:599,4
DA:600,1
DA:603,3
DA:605,3
DA:606,1
DA:609,2
DA:612,2
DA:613,6
DA:615,2
DA:617,2
DA:618,1
DA:621,2
DA:636,8
DA:637,8
DA:638,8
DA:639,8
DA:640,1
DA:643,7
DA:644,7
DA:645,10
DA:647,7
DA:652,1
LF:181
LH:180
BRDA:164,0,0,1
BRDA:164,0,1,6
BRDA:167,1,0,1
BRDA:167,1,1,5
BRDA:194,2,0,1
BRDA:194,2,1,1
BRDA:228,3,0,0
BRDA:228,3,1,10
BRDA:228,4,0,10
BRDA:228,4,1,10
BRDA:236,5,0,1
BRDA:236,5,1,3
BRDA:236,6,0,4
BRDA:236,6,1,3
BRDA:240,7,0,1
BRDA:240,7,1,2
BRDA:275,8,0,1
BRDA:275,8,1,13
BRDA:279,9,0,1
BRDA:279,9,1,12
BRDA:283,10,0,1
BRDA:283,10,1,11
BRDA:287,11,0,1
BRDA:287,11,1,10
BRDA:332,12,0,1
BRDA:332,12,1,2
BRDA:336,13,0,1
BRDA:336,13,1,1
BRDA:341,14,0,0
BRDA:341,14,1,1
BRDA:341,15,0,1
BRDA:341,15,1,1
BRDA:341,16,0,0
BRDA:341,16,1,1
BRDA:341,17,0,1
BRDA:341,17,1,1
BRDA:364,18,0,5
BRDA:368,19,0,1
BRDA:368,19,1,5
BRDA:368,20,0,6
BRDA:368,20,1,5
BRDA:368,21,0,0
BRDA:368,21,1,6
BRDA:368,22,0,6
BRDA:368,22,1,6
BRDA:368,23,0,3
BRDA:368,23,1,2
BRDA:368,24,0,5
BRDA:368,24,1,5
BRDA:372,25,0,1
BRDA:372,25,1,4
BRDA:372,26,0,5
BRDA:372,26,1,4
BRDA:372,27,0,0
BRDA:372,27,1,5
BRDA:372,28,0,5
BRDA:372,28,1,5
BRDA:372,29,0,2
BRDA:372,29,1,2
BRDA:372,30,0,4
BRDA:372,30,1,4
BRDA:376,31,0,1
BRDA:376,31,1,3
BRDA:376,32,0,4
BRDA:376,32,1,3
BRDA:376,33,0,0
BRDA:376,33,1,4
BRDA:376,34,0,4
BRDA:376,34,1,4
BRDA:376,35,0,1
BRDA:376,35,1,2
BRDA:376,36,0,3
BRDA:376,36,1,3
BRDA:379,37,0,1
BRDA:379,37,1,2
BRDA:380,38,0,1
BRDA:380,38,1,0
BRDA:388,39,0,1
BRDA:388,39,1,0
BRDA:399,40,0,2
BRDA:399,40,1,0
BRDA:407,41,0,1
BRDA:407,41,1,1
BRDA:438,42,0,1
BRDA:438,42,1,4
BRDA:438,43,0,5
BRDA:438,43,1,4
BRDA:438,44,0,0
BRDA:438,44,1,5
BRDA:438,45,0,5
BRDA:438,45,1,5
BRDA:438,46,0,3
BRDA:438,46,1,1
BRDA:438,47,0,4
BRDA:438,47,1,4
BRDA:442,48,0,1
BRDA:442,48,1,3
BRDA:442,49,0,4
BRDA:442,49,1,3
BRDA:442,50,0,0
BRDA:442,50,1,4
BRDA:442,51,0,4
BRDA:442,51,1,4
BRDA:442,52,0,2
BRDA:442,52,1,1
BRDA:442,53,0,3
BRDA:442,53,1,3
BRDA:446,54,0,1
BRDA:446,54,1,2
BRDA:446,55,0,3
BRDA:446,55,1,2
BRDA:446,56,0,0
BRDA:446,56,1,3
BRDA:446,57,0,3
BRDA:446,57,1,3
BRDA:446,58,0,1
BRDA:446,58,1,1
BRDA:446,59,0,2
BRDA:446,59,1,2
BRDA:450,60,0,2
BRDA:450,60,1,0
BRDA:459,61,0,1
BRDA:459,61,1,1
BRDA:488,62,0,1
BRDA:488,62,1,4
BRDA:496,63,0,1
BRDA:496,63,1,3
BRDA:496,64,0,4
BRDA:496,64,1,1
BRDA:500,65,0,0
BRDA:500,65,1,3
BRDA:500,66,0,3
BRDA:500,66,1,3
BRDA:502,67,0,1
BRDA:502,67,1,2
BRDA:506,68,0,0
BRDA:506,68,1,2
BRDA:506,69,0,2
BRDA:506,69,1,2
BRDA:508,70,0,1
BRDA:508,70,1,1
BRDA:558,71,0,3
BRDA:564,72,0,3
BRDA:564,72,1,5
BRDA:572,73,0,7
BRDA:572,73,1,1
BRDA:572,74,0,8
BRDA:572,74,1,3
BRDA:599,75,0,1
BRDA:599,75,1,3
BRDA:599,76,0,4
BRDA:599,76,1,2
BRDA:605,77,0,1
BRDA:605,77,1,2
BRDA:605,78,0,3
BRDA:605,78,1,2
BRDA:613,79,0,0
BRDA:613,79,1,6
BRDA:613,80,0,6
BRDA:613,80,1,6
BRDA:617,81,0,1
BRDA:617,81,1,1
BRDA:639,82,0,1
BRDA:639,82,1,7
BRF:164
BRH:148
end_of_record
